  main.c
F:\工程文件\C语言\课堂练习代码\三子棋\main.c(45,35): warning C4047: “函数”:“int *”与“int [3][2]”的间接级别不同
F:\工程文件\C语言\课堂练习代码\三子棋\main.c(45,35): warning C4024: “Scan”: 形参和实参 5 的类型不同
F:\工程文件\C语言\课堂练习代码\三子棋\main.c(45,42): warning C4047: “函数”:“int *”与“int [3][2]”的间接级别不同
F:\工程文件\C语言\课堂练习代码\三子棋\main.c(45,42): warning C4024: “Scan”: 形参和实参 6 的类型不同
F:\工程文件\C语言\课堂练习代码\三子棋\main.c(62,20): warning C4047: “函数”:“char *”与“char [4][4]”的间接级别不同
F:\工程文件\C语言\课堂练习代码\三子棋\main.c(62,20): warning C4024: “QP_display”: 形参和实参 1 的类型不同
F:\工程文件\C语言\课堂练习代码\三子棋\main.c(62,27): warning C4047: “函数”:“int *”与“int [3][2]”的间接级别不同
F:\工程文件\C语言\课堂练习代码\三子棋\main.c(62,27): warning C4024: “QP_display”: 形参和实参 2 的类型不同
F:\工程文件\C语言\课堂练习代码\三子棋\main.c(62,34): warning C4047: “函数”:“int *”与“int [3][2]”的间接级别不同
F:\工程文件\C语言\课堂练习代码\三子棋\main.c(62,34): warning C4024: “QP_display”: 形参和实参 3 的类型不同
F:\工程文件\C语言\课堂练习代码\三子棋\main.c(119,35): warning C4047: “函数”:“int *”与“int [3][2]”的间接级别不同
F:\工程文件\C语言\课堂练习代码\三子棋\main.c(119,35): warning C4024: “Scan”: 形参和实参 5 的类型不同
F:\工程文件\C语言\课堂练习代码\三子棋\main.c(119,42): warning C4047: “函数”:“int *”与“int [3][2]”的间接级别不同
F:\工程文件\C语言\课堂练习代码\三子棋\main.c(119,42): warning C4024: “Scan”: 形参和实参 6 的类型不同
F:\工程文件\C语言\课堂练习代码\三子棋\main.c(145,20): warning C4047: “函数”:“char *”与“char [4][4]”的间接级别不同
F:\工程文件\C语言\课堂练习代码\三子棋\main.c(145,20): warning C4024: “QP_display”: 形参和实参 1 的类型不同
F:\工程文件\C语言\课堂练习代码\三子棋\main.c(145,27): warning C4047: “函数”:“int *”与“int [3][2]”的间接级别不同
F:\工程文件\C语言\课堂练习代码\三子棋\main.c(145,27): warning C4024: “QP_display”: 形参和实参 2 的类型不同
F:\工程文件\C语言\课堂练习代码\三子棋\main.c(145,34): warning C4047: “函数”:“int *”与“int [3][2]”的间接级别不同
F:\工程文件\C语言\课堂练习代码\三子棋\main.c(145,34): warning C4024: “QP_display”: 形参和实参 3 的类型不同
  三子棋.vcxproj -> F:\工程文件\C语言\课堂练习代码\C语言练习程序\Debug\三子棋.exe
